2018-01-07 20:07:19,902 Added: {'callback': <bound method Connection._on_connection_error of <pika.adapters.blocking_connection.BlockingConnection object at 0x103f8bc50>>, 'one_shot': False, 'only': None, 'arguments': None}
2018-01-07 20:07:19,903 Added: {'callback': <bound method Connection._on_connection_start of <pika.adapters.blocking_connection.BlockingConnection object at 0x103f8bc50>>, 'one_shot': True, 'only': None, 'arguments': None, 'calls': 1}
2018-01-07 20:07:19,907 Connecting to 10.111.45.51:5672
2018-01-07 20:07:20,159 Connection to 10.111.45.51:5672 failed: timeout
2018-01-07 20:07:20,159 Connecting to 10.111.45.51:5672
2018-01-07 20:07:20,509 Processing 0:Connection.Start
2018-01-07 20:07:20,509 Processing use of oneshot callback
2018-01-07 20:07:20,510 0 registered uses left
2018-01-07 20:07:20,510 Removing callback #0: {'callback': <bound method Connection._on_connection_start of <pika.adapters.blocking_connection.BlockingConnection object at 0x103f8bc50>>, 'one_shot': True, 'only': None, 'arguments': None, 'calls': 0}
2018-01-07 20:07:20,510 Calling <bound method Connection._on_connection_start of <pika.adapters.blocking_connection.BlockingConnection object at 0x103f8bc50>> for "0:Connection.Start"
2018-01-07 20:07:20,511 Added: {'callback': <bound method Connection._on_connection_tune of <pika.adapters.blocking_connection.BlockingConnection object at 0x103f8bc50>>, 'one_shot': True, 'only': None, 'arguments': None, 'calls': 1}
2018-01-07 20:07:20,634 Processing 0:Connection.Tune
2018-01-07 20:07:20,634 Processing use of oneshot callback
2018-01-07 20:07:20,634 0 registered uses left
2018-01-07 20:07:20,634 Removing callback #0: {'callback': <bound method Connection._on_connection_tune of <pika.adapters.blocking_connection.BlockingConnection object at 0x103f8bc50>>, 'one_shot': True, 'only': None, 'arguments': None, 'calls': 0}
2018-01-07 20:07:20,634 Calling <bound method Connection._on_connection_tune of <pika.adapters.blocking_connection.BlockingConnection object at 0x103f8bc50>> for "0:Connection.Tune"
2018-01-07 20:07:20,634 Creating a HeartbeatChecker: 60
2018-01-07 20:07:20,635 Added: {'callback': <bound method Connection._on_connection_open of <pika.adapters.blocking_connection.BlockingConnection object at 0x103f8bc50>>, 'one_shot': True, 'only': None, 'arguments': None, 'calls': 1}
2018-01-07 20:07:20,797 Processing 0:Connection.OpenOk
2018-01-07 20:07:20,797 Processing use of oneshot callback
2018-01-07 20:07:20,797 0 registered uses left
2018-01-07 20:07:20,798 Removing callback #0: {'callback': <bound method Connection._on_connection_open of <pika.adapters.blocking_connection.BlockingConnection object at 0x103f8bc50>>, 'one_shot': True, 'only': None, 'arguments': None, 'calls': 0}
2018-01-07 20:07:20,798 Calling <bound method Connection._on_connection_open of <pika.adapters.blocking_connection.BlockingConnection object at 0x103f8bc50>> for "0:Connection.OpenOk"
2018-01-07 20:07:20,798 Added: {'callback': <bound method BlockingConnection._on_connection_closed of <pika.adapters.blocking_connection.BlockingConnection object at 0x103f8bc50>>, 'one_shot': True, 'only': None, 'arguments': None, 'calls': 1}
2018-01-07 20:07:20,798 Opening channel 1
2018-01-07 20:07:20,798 Added: {'callback': <bound method BlockingChannel._on_close of <pika.adapters.blocking_connection.BlockingChannel object at 0x106186b70>>, 'one_shot': True, 'only': None, 'arguments': None, 'calls': 1}
2018-01-07 20:07:20,798 Added: {'callback': <bound method BlockingChannel._on_getempty of <pika.adapters.blocking_connection.BlockingChannel object at 0x106186b70>>, 'one_shot': False, 'only': None, 'arguments': None}
2018-01-07 20:07:20,799 Added: {'callback': <bound method BlockingChannel._on_cancel of <pika.adapters.blocking_connection.BlockingChannel object at 0x106186b70>>, 'one_shot': False, 'only': None, 'arguments': None}
2018-01-07 20:07:20,799 Added: {'callback': <bound method BlockingChannel._on_rpc_complete of <pika.adapters.blocking_connection.BlockingChannel object at 0x106186b70>>, 'one_shot': True, 'only': None, 'arguments': None, 'calls': 1}
2018-01-07 20:07:20,799 Added: {'callback': <bound method BlockingChannel._on_rpc_complete of <pika.adapters.blocking_connection.BlockingChannel object at 0x106186b70>>, 'one_shot': True, 'only': None, 'arguments': None, 'calls': 1}
2018-01-07 20:07:20,950 Processing 1:Channel.OpenOk
2018-01-07 20:07:20,950 Processing use of oneshot callback
2018-01-07 20:07:20,950 0 registered uses left
2018-01-07 20:07:20,950 Removing callback #0: {'callback': <bound method BlockingChannel._on_rpc_complete of <pika.adapters.blocking_connection.BlockingChannel object at 0x106186b70>>, 'one_shot': True, 'only': None, 'arguments': None, 'calls': 0}
2018-01-07 20:07:20,950 Calling <bound method BlockingChannel._on_rpc_complete of <pika.adapters.blocking_connection.BlockingChannel object at 0x106186b70>> for "1:Channel.OpenOk"
2018-01-07 20:07:20,963 Added: {'callback': <bound method BlockingChannel._on_rpc_complete of <pika.adapters.blocking_connection.BlockingChannel object at 0x106186b70>>, 'one_shot': True, 'only': None, 'arguments': None, 'calls': 1}
2018-01-07 20:07:21,144 Processing 1:Exchange.DeclareOk
2018-01-07 20:07:21,145 Processing use of oneshot callback
2018-01-07 20:07:21,145 0 registered uses left
2018-01-07 20:07:21,145 Removing callback #0: {'callback': <bound method BlockingChannel._on_rpc_complete of <pika.adapters.blocking_connection.BlockingChannel object at 0x106186b70>>, 'one_shot': True, 'only': None, 'arguments': None, 'calls': 0}
2018-01-07 20:07:21,145 Calling <bound method BlockingChannel._on_rpc_complete of <pika.adapters.blocking_connection.BlockingChannel object at 0x106186b70>> for "1:Exchange.DeclareOk"
2018-01-07 20:29:04,931 Added: {'callback': <bound method Connection._on_connection_error of <pika.adapters.blocking_connection.BlockingConnection object at 0x103d8cd30>>, 'one_shot': False, 'only': None, 'arguments': None}
2018-01-07 20:29:04,932 Added: {'callback': <bound method Connection._on_connection_start of <pika.adapters.blocking_connection.BlockingConnection object at 0x103d8cd30>>, 'one_shot': True, 'only': None, 'arguments': None, 'calls': 1}
2018-01-07 20:29:04,942 Connecting to 10.111.45.51:5672
2018-01-07 20:29:05,264 Processing 0:Connection.Start
2018-01-07 20:29:05,264 Processing use of oneshot callback
2018-01-07 20:29:05,265 0 registered uses left
2018-01-07 20:29:05,265 Removing callback #0: {'callback': <bound method Connection._on_connection_start of <pika.adapters.blocking_connection.BlockingConnection object at 0x103d8cd30>>, 'one_shot': True, 'only': None, 'arguments': None, 'calls': 0}
2018-01-07 20:29:05,265 Calling <bound method Connection._on_connection_start of <pika.adapters.blocking_connection.BlockingConnection object at 0x103d8cd30>> for "0:Connection.Start"
2018-01-07 20:29:05,265 Added: {'callback': <bound method Connection._on_connection_tune of <pika.adapters.blocking_connection.BlockingConnection object at 0x103d8cd30>>, 'one_shot': True, 'only': None, 'arguments': None, 'calls': 1}
2018-01-07 20:29:05,518 Processing 0:Connection.Tune
2018-01-07 20:29:05,518 Processing use of oneshot callback
2018-01-07 20:29:05,518 0 registered uses left
2018-01-07 20:29:05,518 Removing callback #0: {'callback': <bound method Connection._on_connection_tune of <pika.adapters.blocking_connection.BlockingConnection object at 0x103d8cd30>>, 'one_shot': True, 'only': None, 'arguments': None, 'calls': 0}
2018-01-07 20:29:05,518 Calling <bound method Connection._on_connection_tune of <pika.adapters.blocking_connection.BlockingConnection object at 0x103d8cd30>> for "0:Connection.Tune"
2018-01-07 20:29:05,519 Creating a HeartbeatChecker: 60
2018-01-07 20:29:05,519 Added: {'callback': <bound method Connection._on_connection_open of <pika.adapters.blocking_connection.BlockingConnection object at 0x103d8cd30>>, 'one_shot': True, 'only': None, 'arguments': None, 'calls': 1}
2018-01-07 20:29:05,790 Processing 0:Connection.OpenOk
2018-01-07 20:29:05,790 Processing use of oneshot callback
2018-01-07 20:29:05,791 0 registered uses left
2018-01-07 20:29:05,791 Removing callback #0: {'callback': <bound method Connection._on_connection_open of <pika.adapters.blocking_connection.BlockingConnection object at 0x103d8cd30>>, 'one_shot': True, 'only': None, 'arguments': None, 'calls': 0}
2018-01-07 20:29:05,791 Calling <bound method Connection._on_connection_open of <pika.adapters.blocking_connection.BlockingConnection object at 0x103d8cd30>> for "0:Connection.OpenOk"
2018-01-07 20:29:05,791 Added: {'callback': <bound method BlockingConnection._on_connection_closed of <pika.adapters.blocking_connection.BlockingConnection object at 0x103d8cd30>>, 'one_shot': True, 'only': None, 'arguments': None, 'calls': 1}
2018-01-07 20:29:05,791 Opening channel 1
2018-01-07 20:29:05,791 Added: {'callback': <bound method BlockingChannel._on_close of <pika.adapters.blocking_connection.BlockingChannel object at 0x1062c3860>>, 'one_shot': True, 'only': None, 'arguments': None, 'calls': 1}
2018-01-07 20:29:05,792 Added: {'callback': <bound method BlockingChannel._on_getempty of <pika.adapters.blocking_connection.BlockingChannel object at 0x1062c3860>>, 'one_shot': False, 'only': None, 'arguments': None}
2018-01-07 20:29:05,792 Added: {'callback': <bound method BlockingChannel._on_cancel of <pika.adapters.blocking_connection.BlockingChannel object at 0x1062c3860>>, 'one_shot': False, 'only': None, 'arguments': None}
2018-01-07 20:29:05,792 Added: {'callback': <bound method BlockingChannel._on_rpc_complete of <pika.adapters.blocking_connection.BlockingChannel object at 0x1062c3860>>, 'one_shot': True, 'only': None, 'arguments': None, 'calls': 1}
2018-01-07 20:29:05,792 Added: {'callback': <bound method BlockingChannel._on_rpc_complete of <pika.adapters.blocking_connection.BlockingChannel object at 0x1062c3860>>, 'one_shot': True, 'only': None, 'arguments': None, 'calls': 1}
2018-01-07 20:29:06,109 Processing 1:Channel.OpenOk
2018-01-07 20:29:06,110 Processing use of oneshot callback
2018-01-07 20:29:06,110 0 registered uses left
2018-01-07 20:29:06,110 Removing callback #0: {'callback': <bound method BlockingChannel._on_rpc_complete of <pika.adapters.blocking_connection.BlockingChannel object at 0x1062c3860>>, 'one_shot': True, 'only': None, 'arguments': None, 'calls': 0}
2018-01-07 20:29:06,110 Calling <bound method BlockingChannel._on_rpc_complete of <pika.adapters.blocking_connection.BlockingChannel object at 0x1062c3860>> for "1:Channel.OpenOk"
2018-01-07 20:29:06,122 Added: {'callback': <bound method BlockingChannel._on_rpc_complete of <pika.adapters.blocking_connection.BlockingChannel object at 0x1062c3860>>, 'one_shot': True, 'only': None, 'arguments': None, 'calls': 1}
2018-01-07 20:29:06,401 Processing 1:Exchange.DeclareOk
2018-01-07 20:29:06,401 Processing use of oneshot callback
2018-01-07 20:29:06,401 0 registered uses left
2018-01-07 20:29:06,402 Removing callback #0: {'callback': <bound method BlockingChannel._on_rpc_complete of <pika.adapters.blocking_connection.BlockingChannel object at 0x1062c3860>>, 'one_shot': True, 'only': None, 'arguments': None, 'calls': 0}
2018-01-07 20:29:06,402 Calling <bound method BlockingChannel._on_rpc_complete of <pika.adapters.blocking_connection.BlockingChannel object at 0x1062c3860>> for "1:Exchange.DeclareOk"
2018-01-07 20:29:06,412 Added: {'callback': <bound method BlockingChannel._on_rpc_complete of <pika.adapters.blocking_connection.BlockingChannel object at 0x1062c3860>>, 'one_shot': True, 'only': None, 'arguments': {'queue': 'notifications.info'}, 'calls': 1}
2018-01-07 20:29:06,687 Processing 1:Queue.DeclareOk
2018-01-07 20:29:06,688 Processing use of oneshot callback
2018-01-07 20:29:06,688 0 registered uses left
2018-01-07 20:29:06,688 Comparing {'queue': 'notifications.info'} to {'queue': 'notifications.info'}
2018-01-07 20:29:06,688 Removing callback #0: {'callback': <bound method BlockingChannel._on_rpc_complete of <pika.adapters.blocking_connection.BlockingChannel object at 0x1062c3860>>, 'one_shot': True, 'only': None, 'arguments': {'queue': 'notifications.info'}, 'calls': 0}
2018-01-07 20:29:06,688 Calling <bound method BlockingChannel._on_rpc_complete of <pika.adapters.blocking_connection.BlockingChannel object at 0x1062c3860>> for "1:Queue.DeclareOk"
2018-01-07 20:29:06,701 Added: {'callback': <bound method BlockingChannel._on_rpc_complete of <pika.adapters.blocking_connection.BlockingChannel object at 0x1062c3860>>, 'one_shot': True, 'only': None, 'arguments': None, 'calls': 1}
2018-01-07 20:29:07,021 Processing 1:Queue.BindOk
2018-01-07 20:29:07,021 Processing use of oneshot callback
2018-01-07 20:29:07,021 0 registered uses left
2018-01-07 20:29:07,021 Removing callback #0: {'callback': <bound method BlockingChannel._on_rpc_complete of <pika.adapters.blocking_connection.BlockingChannel object at 0x1062c3860>>, 'one_shot': True, 'only': None, 'arguments': None, 'calls': 0}
2018-01-07 20:29:07,021 Calling <bound method BlockingChannel._on_rpc_complete of <pika.adapters.blocking_connection.BlockingChannel object at 0x1062c3860>> for "1:Queue.BindOk"
2018-01-07 20:30:45,855 Added: {'callback': <bound method Connection._on_connection_error of <pika.adapters.blocking_connection.BlockingConnection object at 0x105570dd8>>, 'one_shot': False, 'only': None, 'arguments': None}
2018-01-07 20:30:45,856 Added: {'callback': <bound method Connection._on_connection_start of <pika.adapters.blocking_connection.BlockingConnection object at 0x105570dd8>>, 'one_shot': True, 'only': None, 'arguments': None, 'calls': 1}
2018-01-07 20:30:45,861 Connecting to 10.111.45.51:5672
2018-01-07 20:30:46,361 Processing 0:Connection.Start
2018-01-07 20:30:46,361 Processing use of oneshot callback
2018-01-07 20:30:46,361 0 registered uses left
2018-01-07 20:30:46,362 Removing callback #0: {'callback': <bound method Connection._on_connection_start of <pika.adapters.blocking_connection.BlockingConnection object at 0x105570dd8>>, 'one_shot': True, 'only': None, 'arguments': None, 'calls': 0}
2018-01-07 20:30:46,362 Calling <bound method Connection._on_connection_start of <pika.adapters.blocking_connection.BlockingConnection object at 0x105570dd8>> for "0:Connection.Start"
2018-01-07 20:30:46,362 Added: {'callback': <bound method Connection._on_connection_tune of <pika.adapters.blocking_connection.BlockingConnection object at 0x105570dd8>>, 'one_shot': True, 'only': None, 'arguments': None, 'calls': 1}
2018-01-07 20:30:46,500 Processing 0:Connection.Tune
2018-01-07 20:30:46,500 Processing use of oneshot callback
2018-01-07 20:30:46,500 0 registered uses left
2018-01-07 20:30:46,501 Removing callback #0: {'callback': <bound method Connection._on_connection_tune of <pika.adapters.blocking_connection.BlockingConnection object at 0x105570dd8>>, 'one_shot': True, 'only': None, 'arguments': None, 'calls': 0}
2018-01-07 20:30:46,501 Calling <bound method Connection._on_connection_tune of <pika.adapters.blocking_connection.BlockingConnection object at 0x105570dd8>> for "0:Connection.Tune"
2018-01-07 20:30:46,501 Creating a HeartbeatChecker: 60
2018-01-07 20:30:46,501 Added: {'callback': <bound method Connection._on_connection_open of <pika.adapters.blocking_connection.BlockingConnection object at 0x105570dd8>>, 'one_shot': True, 'only': None, 'arguments': None, 'calls': 1}
2018-01-07 20:30:46,633 Processing 0:Connection.OpenOk
2018-01-07 20:30:46,633 Processing use of oneshot callback
2018-01-07 20:30:46,633 0 registered uses left
2018-01-07 20:30:46,633 Removing callback #0: {'callback': <bound method Connection._on_connection_open of <pika.adapters.blocking_connection.BlockingConnection object at 0x105570dd8>>, 'one_shot': True, 'only': None, 'arguments': None, 'calls': 0}
2018-01-07 20:30:46,633 Calling <bound method Connection._on_connection_open of <pika.adapters.blocking_connection.BlockingConnection object at 0x105570dd8>> for "0:Connection.OpenOk"
2018-01-07 20:30:46,633 Added: {'callback': <bound method BlockingConnection._on_connection_closed of <pika.adapters.blocking_connection.BlockingConnection object at 0x105570dd8>>, 'one_shot': True, 'only': None, 'arguments': None, 'calls': 1}
2018-01-07 20:30:46,633 Opening channel 1
2018-01-07 20:30:46,634 Added: {'callback': <bound method BlockingChannel._on_close of <pika.adapters.blocking_connection.BlockingChannel object at 0x107385860>>, 'one_shot': True, 'only': None, 'arguments': None, 'calls': 1}
2018-01-07 20:30:46,634 Added: {'callback': <bound method BlockingChannel._on_getempty of <pika.adapters.blocking_connection.BlockingChannel object at 0x107385860>>, 'one_shot': False, 'only': None, 'arguments': None}
2018-01-07 20:30:46,634 Added: {'callback': <bound method BlockingChannel._on_cancel of <pika.adapters.blocking_connection.BlockingChannel object at 0x107385860>>, 'one_shot': False, 'only': None, 'arguments': None}
2018-01-07 20:30:46,634 Added: {'callback': <bound method BlockingChannel._on_rpc_complete of <pika.adapters.blocking_connection.BlockingChannel object at 0x107385860>>, 'one_shot': True, 'only': None, 'arguments': None, 'calls': 1}
2018-01-07 20:30:46,634 Added: {'callback': <bound method BlockingChannel._on_rpc_complete of <pika.adapters.blocking_connection.BlockingChannel object at 0x107385860>>, 'one_shot': True, 'only': None, 'arguments': None, 'calls': 1}
2018-01-07 20:30:46,698 Processing 1:Channel.OpenOk
2018-01-07 20:30:46,698 Processing use of oneshot callback
2018-01-07 20:30:46,698 0 registered uses left
2018-01-07 20:30:46,698 Removing callback #0: {'callback': <bound method BlockingChannel._on_rpc_complete of <pika.adapters.blocking_connection.BlockingChannel object at 0x107385860>>, 'one_shot': True, 'only': None, 'arguments': None, 'calls': 0}
2018-01-07 20:30:46,698 Calling <bound method BlockingChannel._on_rpc_complete of <pika.adapters.blocking_connection.BlockingChannel object at 0x107385860>> for "1:Channel.OpenOk"
2018-01-07 20:30:46,709 Added: {'callback': <bound method BlockingChannel._on_rpc_complete of <pika.adapters.blocking_connection.BlockingChannel object at 0x107385860>>, 'one_shot': True, 'only': None, 'arguments': None, 'calls': 1}
2018-01-07 20:30:46,739 Processing 1:Exchange.DeclareOk
2018-01-07 20:30:46,739 Processing use of oneshot callback
2018-01-07 20:30:46,739 0 registered uses left
2018-01-07 20:30:46,739 Removing callback #0: {'callback': <bound method BlockingChannel._on_rpc_complete of <pika.adapters.blocking_connection.BlockingChannel object at 0x107385860>>, 'one_shot': True, 'only': None, 'arguments': None, 'calls': 0}
2018-01-07 20:30:46,739 Calling <bound method BlockingChannel._on_rpc_complete of <pika.adapters.blocking_connection.BlockingChannel object at 0x107385860>> for "1:Exchange.DeclareOk"
2018-01-07 20:30:46,750 Added: {'callback': <bound method BlockingChannel._on_rpc_complete of <pika.adapters.blocking_connection.BlockingChannel object at 0x107385860>>, 'one_shot': True, 'only': None, 'arguments': {'queue': 'notifications.info'}, 'calls': 1}
2018-01-07 20:30:46,770 Processing 1:Queue.DeclareOk
2018-01-07 20:30:46,770 Processing use of oneshot callback
2018-01-07 20:30:46,770 0 registered uses left
2018-01-07 20:30:46,771 Comparing {'queue': 'notifications.info'} to {'queue': 'notifications.info'}
2018-01-07 20:30:46,771 Removing callback #0: {'callback': <bound method BlockingChannel._on_rpc_complete of <pika.adapters.blocking_connection.BlockingChannel object at 0x107385860>>, 'one_shot': True, 'only': None, 'arguments': {'queue': 'notifications.info'}, 'calls': 0}
2018-01-07 20:30:46,771 Calling <bound method BlockingChannel._on_rpc_complete of <pika.adapters.blocking_connection.BlockingChannel object at 0x107385860>> for "1:Queue.DeclareOk"
2018-01-07 20:30:46,781 Added: {'callback': <bound method BlockingChannel._on_rpc_complete of <pika.adapters.blocking_connection.BlockingChannel object at 0x107385860>>, 'one_shot': True, 'only': None, 'arguments': None, 'calls': 1}
2018-01-07 20:30:46,800 Processing 1:Queue.BindOk
2018-01-07 20:30:46,800 Processing use of oneshot callback
2018-01-07 20:30:46,800 0 registered uses left
2018-01-07 20:30:46,801 Removing callback #0: {'callback': <bound method BlockingChannel._on_rpc_complete of <pika.adapters.blocking_connection.BlockingChannel object at 0x107385860>>, 'one_shot': True, 'only': None, 'arguments': None, 'calls': 0}
2018-01-07 20:30:46,801 Calling <bound method BlockingChannel._on_rpc_complete of <pika.adapters.blocking_connection.BlockingChannel object at 0x107385860>> for "1:Queue.BindOk"
2018-01-07 20:30:46,811 Added: {'callback': <bound method BlockingChannel._on_rpc_complete of <pika.adapters.blocking_connection.BlockingChannel object at 0x107385860>>, 'one_shot': True, 'only': None, 'arguments': {'consumer_tag': 'ctag1.b6d3d861ef2e4ff59bbf120be54042e0'}, 'calls': 1}
2018-01-07 20:30:46,829 Processing 1:Basic.ConsumeOk
2018-01-07 20:30:46,829 Processing use of oneshot callback
2018-01-07 20:30:46,829 0 registered uses left
2018-01-07 20:30:46,829 Comparing {'consumer_tag': 'ctag1.b6d3d861ef2e4ff59bbf120be54042e0'} to {'consumer_tag': 'ctag1.b6d3d861ef2e4ff59bbf120be54042e0'}
2018-01-07 20:30:46,829 Removing callback #0: {'callback': <bound method BlockingChannel._on_rpc_complete of <pika.adapters.blocking_connection.BlockingChannel object at 0x107385860>>, 'one_shot': True, 'only': None, 'arguments': {'consumer_tag': 'ctag1.b6d3d861ef2e4ff59bbf120be54042e0'}, 'calls': 0}
2018-01-07 20:30:46,830 Calling <bound method BlockingChannel._on_rpc_complete of <pika.adapters.blocking_connection.BlockingChannel object at 0x107385860>> for "1:Basic.ConsumeOk"
2018-01-07 20:30:46,841 Discarding frame <METHOD(['channel_number=1', 'frame_type=1', "method=<Basic.ConsumeOk(['consumer_tag=ctag1.b6d3d861ef2e4ff59bbf120be54042e0'])>"])>
2018-01-07 20:30:52,584 b'{"_context_domain": null, "_context_roles": [], "event_type": "audit.http.response", "_context_request_id": "req-ba9a3070-eb5a-49c6-bb96-7aaea5ec2126", "timestamp": "2018-01-07 17:30:52.078428", "_unique_id": "3ec3d2ecc890455fa37334ecd016bac8", "_context_resource_uuid": null, "_context_is_admin_project": true, "payload": {"typeURI": "http://schemas.dmtf.org/cloud/audit/1.0/event", "eventTime": "2018-01-07T17:30:52.006535+0000", "target": {"typeURI": "service/compute/os-services", "addresses": [{"url": "https://10.111.45.3:8774/v2.1/0ad98db2d949439bb00a31254fdf163d", "name": "admin"}, {"url": "https://10.111.45.3:8774/v2.1/0ad98db2d949439bb00a31254fdf163d", "name": "private"}, {"url": "https://o.dorukcloud.com:8774/v2.1/0ad98db2d949439bb00a31254fdf163d", "name": "public"}], "name": "nova", "id": "nova"}, "observer": {"id": "target"}, "tags": ["correlation_id?value=21d9a972-c754-5abb-abd9-46f61d974858"], "eventType": "activity", "initiator": {"typeURI": "service/security/account/user", "name": "nova", "credential": {"token": "8178 xxxxxxxx 935c", "identity_status": "Confirmed"}, "host": {"agent": "python-novaclient", "address": "10.111.45.53"}, "project_id": "0ad98db2d949439bb00a31254fdf163d", "id": "bd2a1c47f147451db830dd8cb32a7806"}, "reason": {"reasonCode": "200", "reasonType": "HTTP"}, "reporterchain": [{"reporterTime": "2018-01-07T17:30:52.077604+0000", "role": "modifier", "reporter": {"id": "target"}}], "action": "read/list", "outcome": "success", "id": "92baf3fb-c5ef-56a7-81bc-0b0eaad9e31c", "requestPath": "/v2.1/0ad98db2d949439bb00a31254fdf163d/os-services?host=helion-cp1-comp0005-mgmt"}, "_context_auth_token": null, "_context_user_identity": "- - - - -", "_context_show_deleted": false, "_context_tenant": null, "priority": "INFO", "_context_read_only": false, "_context_is_admin": true, "_context_project_domain": null, "_context_user": null, "_context_user_domain": null, "publisher_id": "nova-api", "message_id": "b7b98683-db08-45b7-aada-aa36aebf082b"}'
2018-01-07 20:30:54,468 b'{"_context_domain": null, "_context_roles": [], "event_type": "audit.http.response", "_context_request_id": "req-6bbdf088-0674-4f2d-bc8e-a8f175dbbe2e", "timestamp": "2018-01-07 17:30:53.961627", "_unique_id": "bf023858e0d8448db041ab600ba3dad8", "_context_resource_uuid": null, "_context_is_admin_project": true, "payload": {"typeURI": "http://schemas.dmtf.org/cloud/audit/1.0/event", "eventTime": "2018-01-07T17:30:53.893375+0000", "target": {"typeURI": "service/compute/os-services", "addresses": [{"url": "https://10.111.45.3:8774/v2.1/0ad98db2d949439bb00a31254fdf163d", "name": "admin"}, {"url": "https://10.111.45.3:8774/v2.1/0ad98db2d949439bb00a31254fdf163d", "name": "private"}, {"url": "https://o.dorukcloud.com:8774/v2.1/0ad98db2d949439bb00a31254fdf163d", "name": "public"}], "name": "nova", "id": "nova"}, "observer": {"id": "target"}, "tags": ["correlation_id?value=5ff97112-06d7-5c21-9f55-2003207f773a"], "eventType": "activity", "initiator": {"typeURI": "service/security/account/user", "name": "nova", "credential": {"token": "c622 xxxxxxxx 4be9", "identity_status": "Confirmed"}, "host": {"agent": "python-novaclient", "address": "10.111.45.53"}, "project_id": "0ad98db2d949439bb00a31254fdf163d", "id": "bd2a1c47f147451db830dd8cb32a7806"}, "reason": {"reasonCode": "200", "reasonType": "HTTP"}, "reporterchain": [{"reporterTime": "2018-01-07T17:30:53.960367+0000", "role": "modifier", "reporter": {"id": "target"}}], "action": "read/list", "outcome": "success", "id": "c697f192-3d38-5e6c-96ee-5ca0205157e6", "requestPath": "/v2.1/0ad98db2d949439bb00a31254fdf163d/os-services?host=helion-cp1-comp0003-mgmt"}, "_context_auth_token": null, "_context_user_identity": "- - - - -", "_context_show_deleted": false, "_context_tenant": null, "priority": "INFO", "_context_read_only": false, "_context_is_admin": true, "_context_project_domain": null, "_context_user": null, "_context_user_domain": null, "publisher_id": "nova-api", "message_id": "14fa0969-ec89-41e8-92f0-9a903593ded1"}'
2018-01-07 20:31:00,705 b'{"_context_domain": null, "_context_roles": [], "event_type": "audit.http.response", "_context_request_id": "req-3d5268c9-66cb-4ec5-bd5e-226aac1f1cb3", "timestamp": "2018-01-07 17:31:00.162257", "_unique_id": "7f3afb9c4be248548cb5dae7f9fc59b3", "_context_resource_uuid": null, "_context_is_admin_project": true, "payload": {"typeURI": "http://schemas.dmtf.org/cloud/audit/1.0/event", "eventTime": "2018-01-07T17:31:00.104082+0000", "target": {"typeURI": "service/compute/os-services", "addresses": [{"url": "https://10.111.45.3:8774/v2.1/0ad98db2d949439bb00a31254fdf163d", "name": "admin"}, {"url": "https://10.111.45.3:8774/v2.1/0ad98db2d949439bb00a31254fdf163d", "name": "private"}, {"url": "https://o.dorukcloud.com:8774/v2.1/0ad98db2d949439bb00a31254fdf163d", "name": "public"}], "name": "nova", "id": "nova"}, "observer": {"id": "target"}, "tags": ["correlation_id?value=ece5a923-9f58-5c75-9f53-117c1819ac2e"], "eventType": "activity", "initiator": {"typeURI": "service/security/account/user", "name": "nova", "credential": {"token": "ef2e xxxxxxxx ea4f", "identity_status": "Confirmed"}, "host": {"agent": "python-novaclient", "address": "10.111.45.53"}, "project_id": "0ad98db2d949439bb00a31254fdf163d", "id": "bd2a1c47f147451db830dd8cb32a7806"}, "reason": {"reasonCode": "200", "reasonType": "HTTP"}, "reporterchain": [{"reporterTime": "2018-01-07T17:31:00.161412+0000", "role": "modifier", "reporter": {"id": "target"}}], "action": "read/list", "outcome": "success", "id": "1e104783-c381-5f74-8af0-c93b8dc01b7e", "requestPath": "/v2.1/0ad98db2d949439bb00a31254fdf163d/os-services?host=helion-cp1-c1-m2-mgmt"}, "_context_auth_token": null, "_context_user_identity": "- - - - -", "_context_show_deleted": false, "_context_tenant": null, "priority": "INFO", "_context_read_only": false, "_context_is_admin": true, "_context_project_domain": null, "_context_user": null, "_context_user_domain": null, "publisher_id": "nova-api", "message_id": "cf5faec8-94b9-4069-9d9c-6051327ceb6f"}'
2018-01-07 20:31:11,289 b'{"_context_domain": null, "_context_roles": [], "event_type": "audit.http.response", "_context_request_id": "req-e0e7de8c-df9a-4e71-a0e4-b5058a01ffc5", "timestamp": "2018-01-07 17:31:10.780850", "_unique_id": "c042e4440a404e90a9d42d4fb1140112", "_context_resource_uuid": null, "_context_is_admin_project": true, "payload": {"typeURI": "http://schemas.dmtf.org/cloud/audit/1.0/event", "eventTime": "2018-01-07T17:31:10.726657+0000", "target": {"typeURI": "service/compute/os-services", "addresses": [{"url": "https://10.111.45.3:8774/v2.1/0ad98db2d949439bb00a31254fdf163d", "name": "admin"}, {"url": "https://10.111.45.3:8774/v2.1/0ad98db2d949439bb00a31254fdf163d", "name": "private"}, {"url": "https://o.dorukcloud.com:8774/v2.1/0ad98db2d949439bb00a31254fdf163d", "name": "public"}], "name": "nova", "id": "nova"}, "observer": {"id": "target"}, "tags": ["correlation_id?value=6c4f4fb6-f996-5e4b-96c7-a4fd4eec1359"], "eventType": "activity", "initiator": {"typeURI": "service/security/account/user", "name": "nova", "credential": {"token": "e21c xxxxxxxx 7e7f", "identity_status": "Confirmed"}, "host": {"agent": "python-novaclient", "address": "10.111.45.53"}, "project_id": "0ad98db2d949439bb00a31254fdf163d", "id": "bd2a1c47f147451db830dd8cb32a7806"}, "reason": {"reasonCode": "200", "reasonType": "HTTP"}, "reporterchain": [{"reporterTime": "2018-01-07T17:31:10.780033+0000", "role": "modifier", "reporter": {"id": "target"}}], "action": "read/list", "outcome": "success", "id": "85329139-eba6-59bd-b740-a012ba2228a4", "requestPath": "/v2.1/0ad98db2d949439bb00a31254fdf163d/os-services?host=helion-cp1-comp0001-mgmt"}, "_context_auth_token": null, "_context_user_identity": "- - - - -", "_context_show_deleted": false, "_context_tenant": null, "priority": "INFO", "_context_read_only": false, "_context_is_admin": true, "_context_project_domain": null, "_context_user": null, "_context_user_domain": null, "publisher_id": "nova-api", "message_id": "65677244-6a95-4091-8bff-f632a4e4f40e"}'
2018-01-07 20:31:18,037 b'{"_context_domain": null, "_context_roles": [], "event_type": "audit.http.response", "_context_request_id": "req-9332752e-2a15-4ac8-b0b8-78d608ae2f2c", "timestamp": "2018-01-07 17:31:17.528979", "_unique_id": "bd6344c84e6941d492b2896d3b850c1f", "_context_resource_uuid": null, "_context_is_admin_project": true, "payload": {"typeURI": "http://schemas.dmtf.org/cloud/audit/1.0/event", "eventTime": "2018-01-07T17:31:17.470260+0000", "target": {"typeURI": "service/compute/os-services", "addresses": [{"url": "https://10.111.45.3:8774/v2.1/0ad98db2d949439bb00a31254fdf163d", "name": "admin"}, {"url": "https://10.111.45.3:8774/v2.1/0ad98db2d949439bb00a31254fdf163d", "name": "private"}, {"url": "https://o.dorukcloud.com:8774/v2.1/0ad98db2d949439bb00a31254fdf163d", "name": "public"}], "name": "nova", "id": "nova"}, "observer": {"id": "target"}, "tags": ["correlation_id?value=432f2fd0-bbf3-5bb3-a790-d01c73c4227f"], "eventType": "activity", "initiator": {"typeURI": "service/security/account/user", "name": "nova", "credential": {"token": "c454 xxxxxxxx 140d", "identity_status": "Confirmed"}, "host": {"agent": "python-novaclient", "address": "10.111.45.53"}, "project_id": "0ad98db2d949439bb00a31254fdf163d", "id": "bd2a1c47f147451db830dd8cb32a7806"}, "reason": {"reasonCode": "200", "reasonType": "HTTP"}, "reporterchain": [{"reporterTime": "2018-01-07T17:31:17.528157+0000", "role": "modifier", "reporter": {"id": "target"}}], "action": "read/list", "outcome": "success", "id": "42e56313-482f-5fae-839c-df8892c26599", "requestPath": "/v2.1/0ad98db2d949439bb00a31254fdf163d/os-services?host=helion-cp1-c1-m1-mgmt"}, "_context_auth_token": null, "_context_user_identity": "- - - - -", "_context_show_deleted": false, "_context_tenant": null, "priority": "INFO", "_context_read_only": false, "_context_is_admin": true, "_context_project_domain": null, "_context_user": null, "_context_user_domain": null, "publisher_id": "nova-api", "message_id": "0ec0735c-9504-41b2-985c-4cfc8b35a07f"}'
